<?xml version="1.0" encoding="utf-8"?><testsuites name="pytest tests"><testsuite name="pytest" errors="0" failures="0" skipped="0" tests="22" time="13.245" timestamp="2026-04-24T13:56:05.578849+00:00" hostname="agent-env-b33cada4-4a32-4ba1-9b87-8a6b6f543351"><testcase classname="tests.test_cricpose_iter7" name="test_health" time="0.234" /><testcase classname="tests.test_cricpose_iter7.TestAuth" name="test_signup_and_login" time="0.281" /><testcase classname="tests.test_cricpose_iter7.TestAuth" name="test_login_valid" time="0.278" /><testcase classname="tests.test_cricpose_iter7.TestAuth" name="test_login_invalid" time="0.273" /><testcase classname="tests.test_cricpose_iter7.TestAuth" name="test_auth_me" time="0.313" /><testcase classname="tests.test_cricpose_iter7.TestAuth" name="test_guest" time="0.269" /><testcase classname="tests.test_cricpose_iter7.TestAsyncUpload" name="test_upload_returns_fast_with_processing" time="0.046" /><testcase classname="tests.test_cricpose_iter7.TestAsyncUpload" name="test_status_endpoint_transitions_to_failed" time="2.091" /><testcase classname="tests.test_cricpose_iter7.TestAsyncUpload" name="test_status_bad_id" time="0.091" /><testcase classname="tests.test_cricpose_iter7.TestUploadValidation" name="test_auth_required" time="0.045" /><testcase classname="tests.test_cricpose_iter7.TestUploadValidation" name="test_text_plain_415" time="0.044" /><testcase classname="tests.test_cricpose_iter7.TestUploadValidation" name="test_large_file_413" time="8.751" /><testcase classname="tests.test_cricpose_iter7.TestDemoRegression" name="test_demo_status_done" time="0.069" /><testcase classname="tests.test_cricpose_iter7.TestDemoRegression" name="test_demo_shape" time="0.000" /><testcase classname="tests.test_cricpose_iter7.TestDemoRegression" name="test_demo_report_status_via_reports" time="0.054" /><testcase classname="tests.test_cricpose_iter7.TestDemoRegression" name="test_demo_pdf" time="0.046" /><testcase classname="tests.test_cricpose_iter7.TestDemoRegression" name="test_demo_csv_metrics" time="0.046" /><testcase classname="tests.test_cricpose_iter7.TestDemoRegression" name="test_demo_csv_motion" time="0.048" /><testcase classname="tests.test_cricpose_iter7.TestDemoRegression" name="test_demo_csv_events" time="0.045" /><testcase classname="tests.test_cricpose_iter7.TestCompare" name="test_profiles_seven" time="0.054" /><testcase classname="tests.test_cricpose_iter7.TestCompare" name="test_compare_with_demo" time="0.047" /><testcase classname="tests.test_cricpose_iter7.TestDashboard" name="test_dashboard" time="0.051" /></testsuite></testsuites>