<?xml version="1.0" encoding="utf-8"?><testsuites name="pytest tests"><testsuite name="pytest" errors="0" failures="0" skipped="12" tests="26" time="2.128" timestamp="2026-04-24T12:41:41.689316+00:00" hostname="agent-env-b33cada4-4a32-4ba1-9b87-8a6b6f543351"><testcase classname="backend.tests.test_cricpose_iter5" name="test_health" time="0.261" /><testcase classname="backend.tests.test_cricpose_iter5.TestAuth" name="test_login_existing" time="0.283" /><testcase classname="backend.tests.test_cricpose_iter5.TestAuth" name="test_login_invalid" time="0.047" /><testcase classname="backend.tests.test_cricpose_iter5.TestAuth" name="test_signup_and_me" time="0.315" /><testcase classname="backend.tests.test_cricpose_iter5.TestAuth" name="test_signup_duplicate" time="0.046" /><testcase classname="backend.tests.test_cricpose_iter5.TestAuth" name="test_guest_login" time="0.273" /><testcase classname="backend.tests.test_cricpose_iter5.TestAuth" name="test_me_without_token" time="0.044" /><testcase classname="backend.tests.test_cricpose_iter5.TestDashboard" name="test_requires_auth" time="0.046" /><testcase classname="backend.tests.test_cricpose_iter5.TestDashboard" name="test_dashboard_shape" time="0.313" /><testcase classname="backend.tests.test_cricpose_iter5.TestCompareProfiles" name="test_list_profiles_seven" time="0.047" /><testcase classname="backend.tests.test_cricpose_iter5.TestCsvEndpoints" name="test_csv_unknown_kind_400" time="0.046"><skipped type="pytest.skip" message="No report available; upload-dependent tests skipped">/app/backend/tests/test_cricpose_iter5.py:149: No report available; upload-dependent tests skipped</skipped></testcase><testcase classname="backend.tests.test_cricpose_iter5.TestCsvEndpoints" name="test_csv_requires_auth" time="0.000"><skipped type="pytest.skip" message="No report available; upload-dependent tests skipped">/app/backend/tests/test_cricpose_iter5.py:154: No report available; upload-dependent tests skipped</skipped></testcase><testcase classname="backend.tests.test_cricpose_iter5.TestCsvEndpoints" name="test_csv_metrics" time="0.000"><skipped type="pytest.skip" message="No report available; upload-dependent tests skipped">/app/backend/tests/test_cricpose_iter5.py:158: No report available; upload-dependent tests skipped</skipped></testcase><testcase classname="backend.tests.test_cricpose_iter5.TestCsvEndpoints" name="test_csv_motion" time="0.000"><skipped type="pytest.skip" message="No report available; upload-dependent tests skipped">/app/backend/tests/test_cricpose_iter5.py:168: No report available; upload-dependent tests skipped</skipped></testcase><testcase classname="backend.tests.test_cricpose_iter5.TestCsvEndpoints" name="test_csv_events" time="0.000"><skipped type="pytest.skip" message="No report available; upload-dependent tests skipped">/app/backend/tests/test_cricpose_iter5.py:179: No report available; upload-dependent tests skipped</skipped></testcase><testcase classname="backend.tests.test_cricpose_iter5.TestReports" name="test_list_auth" time="0.043" /><testcase classname="backend.tests.test_cricpose_iter5.TestReports" name="test_detail_not_found" time="0.045" /><testcase classname="backend.tests.test_cricpose_iter5.TestReports" name="test_detail_has_video_urls" time="0.000"><skipped type="pytest.skip" message="No report available; upload-dependent tests skipped">/app/backend/tests/test_cricpose_iter5.py:201: No report available; upload-dependent tests skipped</skipped></testcase><testcase classname="backend.tests.test_cricpose_iter5.TestStreaming" name="test_video_range[source]" time="0.000"><skipped type="pytest.skip" message="No report available; upload-dependent tests skipped">/app/backend/tests/test_cricpose_iter5.py:211: No report available; upload-dependent tests skipped</skipped></testcase><testcase classname="backend.tests.test_cricpose_iter5.TestStreaming" name="test_video_range[video]" time="0.000"><skipped type="pytest.skip" message="No report available; upload-dependent tests skipped">/app/backend/tests/test_cricpose_iter5.py:211: No report available; upload-dependent tests skipped</skipped></testcase><testcase classname="backend.tests.test_cricpose_iter5.TestStreaming" name="test_video_range[tracking]" time="0.000"><skipped type="pytest.skip" message="No report available; upload-dependent tests skipped">/app/backend/tests/test_cricpose_iter5.py:211: No report available; upload-dependent tests skipped</skipped></testcase><testcase classname="backend.tests.test_cricpose_iter5.TestStreaming" name="test_video_range[sidebyside]" time="0.000"><skipped type="pytest.skip" message="No report available; upload-dependent tests skipped">/app/backend/tests/test_cricpose_iter5.py:211: No report available; upload-dependent tests skipped</skipped></testcase><testcase classname="backend.tests.test_cricpose_iter5.TestStreaming" name="test_video_range[slowmo]" time="0.000"><skipped type="pytest.skip" message="No report available; upload-dependent tests skipped">/app/backend/tests/test_cricpose_iter5.py:211: No report available; upload-dependent tests skipped</skipped></testcase><testcase classname="backend.tests.test_cricpose_iter5.TestStreaming" name="test_thumbnail" time="0.000"><skipped type="pytest.skip" message="No report available; upload-dependent tests skipped">/app/backend/tests/test_cricpose_iter5.py:219: No report available; upload-dependent tests skipped</skipped></testcase><testcase classname="backend.tests.test_cricpose_iter5.TestUploadValidations" name="test_upload_requires_auth" time="0.045" /><testcase classname="backend.tests.test_cricpose_iter5.TestUploadValidations" name="test_upload_bad_content_type" time="0.046" /></testsuite></testsuites>