<?xml version="1.0" encoding="utf-8"?><testsuites name="pytest tests"><testsuite name="pytest" errors="0" failures="0" skipped="0" tests="22" time="2.825" timestamp="2026-04-24T13:39:09.855844+00:00" hostname="agent-env-b33cada4-4a32-4ba1-9b87-8a6b6f543351"><testcase classname="backend.tests.test_cricpose_iter6" name="test_health" time="0.184" /><testcase classname="backend.tests.test_cricpose_iter6.TestAuth" name="test_signup_and_login" time="0.283" /><testcase classname="backend.tests.test_cricpose_iter6.TestAuth" name="test_signup_duplicate" time="0.055" /><testcase classname="backend.tests.test_cricpose_iter6.TestAuth" name="test_login_valid" time="0.273" /><testcase classname="backend.tests.test_cricpose_iter6.TestAuth" name="test_login_invalid" time="0.283" /><testcase classname="backend.tests.test_cricpose_iter6.TestAuth" name="test_guest" time="0.274" /><testcase classname="backend.tests.test_cricpose_iter6.TestDemoEndpoint" name="test_demo_requires_auth" time="0.049" /><testcase classname="backend.tests.test_cricpose_iter6.TestDemoEndpoint" name="test_demo_shape" time="0.348" /><testcase classname="backend.tests.test_cricpose_iter6.TestReports" name="test_list_has_demo" time="0.071" /><testcase classname="backend.tests.test_cricpose_iter6.TestReports" name="test_detail" time="0.060" /><testcase classname="backend.tests.test_cricpose_iter6.TestReports" name="test_pdf" time="0.118" /><testcase classname="backend.tests.test_cricpose_iter6.TestCsv" name="test_unknown_400" time="0.059" /><testcase classname="backend.tests.test_cricpose_iter6.TestCsv" name="test_metrics" time="0.054" /><testcase classname="backend.tests.test_cricpose_iter6.TestCsv" name="test_motion" time="0.049" /><testcase classname="backend.tests.test_cricpose_iter6.TestCsv" name="test_events" time="0.051" /><testcase classname="backend.tests.test_cricpose_iter6.TestUploadErrors" name="test_auth_required" time="0.050" /><testcase classname="backend.tests.test_cricpose_iter6.TestUploadErrors" name="test_text_plain_415" time="0.064" /><testcase classname="backend.tests.test_cricpose_iter6.TestUploadErrors" name="test_empty_file_400" time="0.049" /><testcase classname="backend.tests.test_cricpose_iter6.TestUploadErrors" name="test_synthetic_mp4_422" time="0.189" /><testcase classname="backend.tests.test_cricpose_iter6.TestCompare" name="test_profiles_seven" time="0.050" /><testcase classname="backend.tests.test_cricpose_iter6.TestCompare" name="test_compare_demo_closest" time="0.050" /><testcase classname="backend.tests.test_cricpose_iter6.TestDashboard" name="test_after_demo" time="0.059" /></testsuite></testsuites>